<?xml version="1.0" encoding="UTF-8"?>
<!-- Generated by org.testng.reporters.JUnitReportReporter -->
<testsuite hostname="sravz" failures="0" tests="1" name="recipeHackathon.HyperTension" time="43.371" errors="0" timestamp="2023-04-22T11:56:01 CDT" skipped="0">
  <testcase classname="recipeHackathon.HyperTension" name="getRecipeID" time="43.371"/>
  <system-out/>
</testsuite> <!-- recipeHackathon.HyperTension -->
