<?xml version="1.0" encoding="UTF-8"?>
<!-- Generated by org.testng.reporters.JUnitReportReporter -->
<testsuite hostname="sravz" failures="0" tests="1" name="recipeHackathon.scrapingDiabetes" time="8.730" errors="0" timestamp="2023-04-19T16:02:41 CDT" skipped="0">
  <testcase classname="recipeHackathon.scrapingDiabetes" name="searchRecipe" time="8.730"/>
  <system-out/>
</testsuite> <!-- recipeHackathon.scrapingDiabetes -->
